<?xml version="1.0" encoding="UTF-8"?>
<!-- Generated by org.testng.reporters.JUnitXMLReporter -->
<testsuite ignored="0" hostname="DESKTOP-3KLB41R" failures="0" tests="4" name="Test" time="0.106" errors="0" timestamp="2022-09-08T17:10:28 IST">
  <testcase classname="testng_Practice.Prac1Test" name="script1" time="0.016"/>
  <testcase classname="testng_Practice.Prac1Test" name="script2" time="0.002"/>
  <testcase classname="testng_Practice.Prac2Test" name="script1" time="0.004"/>
  <testcase classname="testng_Practice.Prac2Test" name="script2" time="0.002"/>
</testsuite> <!-- Test -->
