<?xml version="1.0" encoding="UTF-8"?>
<testng-results ignored="0" total="1" passed="1" failed="0" skipped="0">
  <reporter-output>
  </reporter-output>
  <suite started-at="2022-09-20T12:34:21 IST" name="Default suite" finished-at="2022-09-20T12:34:34 IST" duration-ms="12565">
    <groups>
    </groups>
    <test started-at="2022-09-20T12:34:21 IST" name="Default test" finished-at="2022-09-20T12:34:34 IST" duration-ms="12565">
      <class name="org.Rmb.Automation.MavenPracticeTest2">
        <test-method signature="step1Test()[pri:0, instance:org.Rmb.Automation.MavenPracticeTest2@2c35e847]" started-at="2022-09-20T12:34:21 IST" name="step1Test" finished-at="2022-09-20T12:34:34 IST" duration-ms="12483" status="PASS">
          <reporter-output>
          </reporter-output>
        </test-method> <!-- step1Test -->
      </class> <!-- org.Rmb.Automation.MavenPracticeTest2 -->
    </test> <!-- Default test -->
  </suite> <!-- Default suite -->
</testng-results>
